<?xml version="1.0" encoding="UTF-8"?>
<!-- Generated by org.testng.reporters.JUnitXMLReporter -->
<testsuite ignored="0" hostname="5CG1265RFB" failures="1" tests="1" name="Test1" time="10.923" errors="0" timestamp="2021-11-24T14:40:29 IST">
  <testcase classname="Academy.E2EProject.ValidateTitle" name="basePageNavigation" time="0.049">
    <failure type="java.lang.AssertionError" message="expected [FEATURED 12345] but found [FEATURED COURSES]">
      <![CDATA[java.lang.AssertionError: expected [FEATURED 12345] but found [FEATURED COURSES]
at Academy.E2EProject.ValidateTitle.basePageNavigation(ValidateTitle.java:40)
at java.base/java.util.ArrayList.forEach(ArrayList.java:1511)
at java.base/java.util.concurrent.FutureTask.run(FutureTask.java:264)
at java.base/java.util.concurrent.ThreadPoolExecutor.runWorker(ThreadPoolExecutor.java:1130)
at java.base/java.util.concurrent.ThreadPoolExecutor$Worker.run(ThreadPoolExecutor.java:630)
at java.base/java.lang.Thread.run(Thread.java:831)
... Removed 24 stack frames]]>
    </failure>
  </testcase> <!-- basePageNavigation -->
</testsuite> <!-- Test1 -->
