<?xml version="1.0" encoding="UTF-8"?>
<testng-results total="2" passed="2" failed="0" skipped="0">
  <reporter-output>
  </reporter-output>
  <suite started-at="2021-11-24T09:50:30Z" name="Suite" finished-at="2021-11-24T09:50:43Z" duration-ms="13125">
    <groups>
    </groups>
    <test started-at="2021-11-24T09:50:30Z" name="Test2" finished-at="2021-11-24T09:50:42Z" duration-ms="12376">
      <class name="Academy.E2EProject.ValidatenavBar">
        <test-method is-config="true" signature="initialize()[pri:0, instance:Academy.E2EProject.ValidatenavBar@794b435f]" started-at="2021-11-24T15:20:30Z" name="initialize" finished-at="2021-11-24T15:20:42Z" duration-ms="12129" status="PASS">
          <reporter-output>
          </reporter-output>
        </test-method> <!-- initialize -->
        <test-method signature="validateAppNavBar()[pri:0, instance:Academy.E2EProject.ValidatenavBar@794b435f]" started-at="2021-11-24T15:20:42Z" name="validateAppNavBar" finished-at="2021-11-24T15:20:42Z" duration-ms="109" status="PASS">
          <reporter-output>
          </reporter-output>
        </test-method> <!-- validateAppNavBar -->
        <test-method is-config="true" signature="teardown()[pri:0, instance:Academy.E2EProject.ValidatenavBar@794b435f]" started-at="2021-11-24T15:20:42Z" name="teardown" finished-at="2021-11-24T15:20:42Z" duration-ms="129" status="PASS">
          <reporter-output>
          </reporter-output>
        </test-method> <!-- teardown -->
      </class> <!-- Academy.E2EProject.ValidatenavBar -->
    </test> <!-- Test2 -->
    <test started-at="2021-11-24T09:50:30Z" name="Test" finished-at="2021-11-24T09:50:43Z" duration-ms="13125">
      <class name="Academy.E2EProject.HomePage">
        <test-method is-config="true" signature="initialize()[pri:0, instance:Academy.E2EProject.HomePage@452c8a40]" started-at="2021-11-24T15:20:30Z" name="initialize" finished-at="2021-11-24T15:20:40Z" duration-ms="10053" status="PASS">
          <reporter-output>
          </reporter-output>
        </test-method> <!-- initialize -->
        <test-method signature="basePageNavigation()[pri:0, instance:Academy.E2EProject.HomePage@452c8a40]" started-at="2021-11-24T15:20:40Z" name="basePageNavigation" finished-at="2021-11-24T15:20:43Z" duration-ms="3003" status="PASS">
          <reporter-output>
          </reporter-output>
        </test-method> <!-- basePageNavigation -->
        <test-method is-config="true" signature="teardown()[pri:0, instance:Academy.E2EProject.HomePage@452c8a40]" started-at="2021-11-24T15:20:43Z" name="teardown" finished-at="2021-11-24T15:20:43Z" duration-ms="52" status="PASS">
          <reporter-output>
          </reporter-output>
        </test-method> <!-- teardown -->
      </class> <!-- Academy.E2EProject.HomePage -->
    </test> <!-- Test -->
  </suite> <!-- Suite -->
</testng-results>
