<?xml version="1.0" encoding="UTF-8"?>
<testng-results ignored="0" total="2" passed="2" failed="0" skipped="0">
  <reporter-output>
  </reporter-output>
  <suite started-at="2021-11-24T14:58:23 IST" name="Suite" finished-at="2021-11-24T14:58:34 IST" duration-ms="11885">
    <groups>
    </groups>
    <test started-at="2021-11-24T14:58:23 IST" name="Test2" finished-at="2021-11-24T14:58:32 IST" duration-ms="9740">
      <class name="Academy.E2EProject.ValidatenavBar">
        <test-method is-config="true" signature="initialize()[pri:0, instance:Academy.E2EProject.ValidatenavBar@3caa4757]" started-at="2021-11-24T14:58:23 IST" name="initialize" finished-at="2021-11-24T14:58:32 IST" duration-ms="9448" status="PASS">
          <reporter-output>
          </reporter-output>
        </test-method> <!-- initialize -->
        <test-method signature="validateAppNavBar()[pri:0, instance:Academy.E2EProject.ValidatenavBar@3caa4757]" started-at="2021-11-24T14:58:32 IST" name="validateAppNavBar" finished-at="2021-11-24T14:58:32 IST" duration-ms="119" status="PASS">
          <reporter-output>
          </reporter-output>
        </test-method> <!-- validateAppNavBar -->
        <test-method is-config="true" signature="teardown()[pri:0, instance:Academy.E2EProject.ValidatenavBar@3caa4757]" started-at="2021-11-24T14:58:32 IST" name="teardown" finished-at="2021-11-24T14:58:32 IST" duration-ms="111" status="PASS">
          <reporter-output>
          </reporter-output>
        </test-method> <!-- teardown -->
      </class> <!-- Academy.E2EProject.ValidatenavBar -->
    </test> <!-- Test2 -->
    <test started-at="2021-11-24T14:58:23 IST" name="Test" finished-at="2021-11-24T14:58:34 IST" duration-ms="11885">
      <class name="Academy.E2EProject.HomePage">
        <test-method is-config="true" signature="initialize()[pri:0, instance:Academy.E2EProject.HomePage@6ce1f601]" started-at="2021-11-24T14:58:23 IST" name="initialize" finished-at="2021-11-24T14:58:32 IST" duration-ms="9428" status="PASS">
          <reporter-output>
          </reporter-output>
        </test-method> <!-- initialize -->
        <test-method signature="basePageNavigation()[pri:0, instance:Academy.E2EProject.HomePage@6ce1f601]" started-at="2021-11-24T14:58:32 IST" name="basePageNavigation" finished-at="2021-11-24T14:58:34 IST" duration-ms="2335" status="PASS">
          <reporter-output>
          </reporter-output>
        </test-method> <!-- basePageNavigation -->
        <test-method is-config="true" signature="teardown()[pri:0, instance:Academy.E2EProject.HomePage@6ce1f601]" started-at="2021-11-24T14:58:34 IST" name="teardown" finished-at="2021-11-24T14:58:34 IST" duration-ms="50" status="PASS">
          <reporter-output>
          </reporter-output>
        </test-method> <!-- teardown -->
      </class> <!-- Academy.E2EProject.HomePage -->
    </test> <!-- Test -->
  </suite> <!-- Suite -->
</testng-results>
